#
# There is insufficient memory for the Java Runtime Environment to continue.
# Native memory allocation (malloc) failed to allocate 1048576 bytes for AllocateHeap
# Possible reasons:
#   The system is out of physical RAM or swap space
#   In 32 bit mode, the process size limit was hit
# Possible solutions:
#   Reduce memory load on the system
#   Increase physical memory or swap space
#   Check if swap backing store is full
#   Use 64 bit Java on a 64 bit OS
#   Decrease Java heap size (-Xmx/-Xms)
#   Decrease number of Java threads
#   Decrease Java thread stack sizes (-Xss)
#   Set larger code cache with -XX:ReservedCodeCacheSize=
# This output file may be truncated or incomplete.
#
#  Out of Memory Error (memory/allocation.inline.hpp:61), pid=75908, tid=73820
#
# JRE version:  (8.0_45-b15) (build )
# Java VM: Java HotSpot(TM) 64-Bit Server VM (25.45-b02 mixed mode windows-amd64 compressed oops)
# Failed to write core dump. Minidumps are not enabled by default on client versions of Windows
#

---------------  T H R E A D  ---------------

Current thread (0x00000000009ee000):  JavaThread "Unknown thread" [_thread_in_vm, id=73820, stack(0x00000000009f0000,0x0000000000af0000)]

Stack: [0x00000000009f0000,0x0000000000af0000]
Native frames: (J=compiled Java code, j=interpreted, Vv=VM code, C=native code)
V  [jvm.dll+0x32b57a]
V  [jvm.dll+0x279873]
V  [jvm.dll+0x27a509]
V  [jvm.dll+0x271825]
V  [jvm.dll+0x1606]
V  [jvm.dll+0x270892]
V  [jvm.dll+0x3eee4a]
V  [jvm.dll+0x3ea7a7]
V  [jvm.dll+0xf2cf2]
V  [jvm.dll+0x20f0c9]
V  [jvm.dll+0x240e0a]
V  [jvm.dll+0x15ba41]
C  [javaw.exe+0x217e]
C  [javaw.exe+0xcd17]
C  [javaw.exe+0xcdab]
C  [KERNEL32.DLL+0x18102]
C  [ntdll.dll+0x5c2e4]


---------------  P R O C E S S  ---------------

Java Threads: ( => current thread )

Other Threads:

=>0x00000000009ee000 (exited) JavaThread "Unknown thread" [_thread_in_vm, id=73820, stack(0x00000000009f0000,0x0000000000af0000)]

VM state:not at safepoint (normal execution)

VM Mutex/Monitor currently owned by a thread: None

Heap:
 PSYoungGen      total 36864K, used 634K [0x00000000d7000000, 0x00000000d9900000, 0x0000000100000000)
  eden space 31744K, 2% used [0x00000000d7000000,0x00000000d709eb90,0x00000000d8f00000)
  from space 5120K, 0% used [0x00000000d9400000,0x00000000d9400000,0x00000000d9900000)
  to   space 5120K, 0% used [0x00000000d8f00000,0x00000000d8f00000,0x00000000d9400000)
 ParOldGen       total 84992K, used 0K [0x0000000085000000, 0x000000008a300000, 0x00000000d7000000)
  object space 84992K, 0% used [0x0000000085000000,0x0000000085000000,0x000000008a300000)
 Metaspace       used 766K, capacity 4480K, committed 4480K, reserved 1056768K
  class space    used 75K, capacity 384K, committed 384K, reserved 1048576K

Card table byte_map: [0x0000000011a20000,0x0000000011e00000] byte_map_base: 0x00000000115f8000

Marking Bits: (ParMarkBitMap*) 0x0000000058644040
 Begin Bits: [0x0000000012490000, 0x0000000014350000)
 End Bits:   [0x0000000014350000, 0x0000000016210000)

Polling page: 0x00000000001f0000

CodeCache: size=245760Kb used=328Kb max_used=328Kb free=245431Kb
 bounds [0x0000000002660000, 0x00000000028d0000, 0x0000000011660000]
 total_blobs=57 nmethods=0 adapters=37
 compilation: enabled

Compilation events (0 events):
No events

GC Heap History (0 events):
No events

Deoptimization events (0 events):
No events

Internal exceptions (0 events):
No events

Events (10 events):
Event: 0.033 loading class java/lang/Short
Event: 0.034 loading class java/lang/Short done
Event: 0.034 loading class java/lang/Integer
Event: 0.034 loading class java/lang/Integer done
Event: 0.034 loading class java/lang/Long
Event: 0.034 loading class java/lang/Long done
Event: 0.035 loading class java/lang/NullPointerException
Event: 0.035 loading class java/lang/NullPointerException done
Event: 0.035 loading class java/lang/ArithmeticException
Event: 0.035 loading class java/lang/ArithmeticException done


Dynamic libraries:
0x00007ff6705f0000 - 0x00007ff670627000 	C:\Program Files\Java\jdk1.8.0_45\bin\javaw.exe
0x00007ffbd11a0000 - 0x00007ffbd1361000 	C:\WINDOWS\SYSTEM32\ntdll.dll
0x00007ffbcea90000 - 0x00007ffbceb3d000 	C:\WINDOWS\system32\KERNEL32.DLL
0x00007ffbce3b0000 - 0x00007ffbce598000 	C:\WINDOWS\system32\KERNELBASE.dll
0x00007ffbd08a0000 - 0x00007ffbd0947000 	C:\WINDOWS\system32\ADVAPI32.dll
0x00007ffbcebb0000 - 0x00007ffbcec4d000 	C:\WINDOWS\system32\msvcrt.dll
0x00007ffbd06a0000 - 0x00007ffbd06fb000 	C:\WINDOWS\system32\sechost.dll
0x00007ffbce5a0000 - 0x00007ffbce6bc000 	C:\WINDOWS\system32\RPCRT4.dll
0x00007ffbd0c10000 - 0x00007ffbd0d66000 	C:\WINDOWS\system32\USER32.dll
0x00007ffbd0700000 - 0x00007ffbd0886000 	C:\WINDOWS\system32\GDI32.dll
0x00007ffbc3500000 - 0x00007ffbc3774000 	C:\WINDOWS\WinSxS\amd64_microsoft.windows.common-controls_6595b64144ccf1df_6.0.10586.0_none_8c15ae12515e1c22\COMCTL32.dll
0x00007ffbce800000 - 0x00007ffbcea7d000 	C:\WINDOWS\system32\combase.dll
0x00007ffbcdf50000 - 0x00007ffbcdfba000 	C:\WINDOWS\system32\bcryptPrimitives.dll
0x00007ffbce6d0000 - 0x00007ffbce70b000 	C:\WINDOWS\system32\IMM32.DLL
0x00000000586d0000 - 0x00000000587a2000 	C:\Program Files\Java\jdk1.8.0_45\jre\bin\msvcr100.dll
0x0000000057e40000 - 0x00000000586c3000 	C:\Program Files\Java\jdk1.8.0_45\jre\bin\server\jvm.dll
0x00007ffbd0890000 - 0x00007ffbd0898000 	C:\WINDOWS\system32\PSAPI.DLL
0x00007ffbbf380000 - 0x00007ffbbf389000 	C:\WINDOWS\SYSTEM32\WSOCK32.dll
0x00007ffbc5290000 - 0x00007ffbc52b3000 	C:\WINDOWS\SYSTEM32\WINMM.dll
0x00007ffbceb40000 - 0x00007ffbcebab000 	C:\WINDOWS\system32\WS2_32.dll
0x00007ffbc5260000 - 0x00007ffbc528c000 	C:\WINDOWS\SYSTEM32\WINMMBASE.dll
0x00007ffbce080000 - 0x00007ffbce0c3000 	C:\WINDOWS\system32\cfgmgr32.dll
0x00007ffbc4080000 - 0x00007ffbc408a000 	C:\WINDOWS\SYSTEM32\VERSION.dll
0x0000000059ec0000 - 0x0000000059ecf000 	C:\Program Files\Java\jdk1.8.0_45\jre\bin\verify.dll
0x0000000057e10000 - 0x0000000057e39000 	C:\Program Files\Java\jdk1.8.0_45\jre\bin\java.dll
0x0000000059ea0000 - 0x0000000059eb6000 	C:\Program Files\Java\jdk1.8.0_45\jre\bin\zip.dll
0x00007ffbc9fd0000 - 0x00007ffbca15c000 	C:\WINDOWS\SYSTEM32\dbghelp.dll

VM Arguments:
jvm_args: -Dfile.encoding=UTF-8 
java_command: chap02.AtomicLongTest
java_class_path (initial): D:\workspace_scala\JavaConcurrencyInPractise\bin
Launcher Type: SUN_STANDARD

Environment Variables:
JAVA_HOME=D:\DEV\Java7\jdk1.7.0_79
PATH=C:/Program Files/Java/jre1.8.0_65/bin/server;C:/Program Files/Java/jre1.8.0_65/bin;C:/Program Files/Java/jre1.8.0_65/lib/amd64;C:\ProgramData\Oracle\Java\javapath;C:\Program Files\Common Files\Microsoft Shared\Microsoft Online Services;C:\Program Files (x86)\Common Files\Microsoft Shared\Microsoft Online Services;C:\WINDOWS\system32;C:\WINDOWS;C:\WINDOWS\System32\Wbem;C:\WINDOWS\System32\WindowsPowerShell\v1.0\;D:\DEV\Java7\jdk1.7.0_79\bin;C:\Program Files (x86)\Windows Kits\8.1\Windows Performance Toolkit\;C:\Program Files\Microsoft SQL Server\110\Tools\Binn\;C:\apache-maven-3.3.3\bin;D:\DEV\scala\bin;D:\DEV\hadoop-2.6.0\bin;D:\DEV\scala-SDK-4.0.0-vfinal-2.11-win32.win32.x86_64\eclipse;
USERNAME=xiuzhu
OS=Windows_NT
PROCESSOR_IDENTIFIER=Intel64 Family 6 Model 58 Stepping 9, GenuineIntel



---------------  S Y S T E M  ---------------

OS: Windows 10.0 , 64 bit Build 10586 (10.0.10586.0)

CPU:total 4 (2 cores per cpu, 2 threads per core) family 6 model 58 stepping 9, cmov, cx8, fxsr, mmx, sse, sse2, sse3, ssse3, sse4.1, sse4.2, popcnt, avx, aes, clmul, erms, ht, tsc, tscinvbit, tscinv

Memory: 4k page, physical 8058896k(2723020k free), swap 21182356k(5160k free)

vm_info: Java HotSpot(TM) 64-Bit Server VM (25.45-b02) for windows-amd64 JRE (1.8.0_45-b15), built on Apr 30 2015 12:40:44 by "java_re" with MS VC++ 10.0 (VS2010)

time: Thu Jan 21 23:17:52 2016
elapsed time: 0 seconds (0d 0h 0m 0s)

